$ cargo test -- --show-output
   Compiling silly-function v0.1.0 (file:///projects/silly-function)
    Finished test [unoptimized + debuginfo] target(s) in 0.60s
     Running unittests (target/debug/deps/silly_function-160869f38cff9166)

running 2 tests
test tests::ce_test_echoue ... FAILED
test tests::ce_test_reussit ... ok

successes:

---- tests::ce_test_reussit stdout ----
J'ai obtenu la valeur 4


successes:
    tests::ce_test_reussit

failures:

---- tests::ce_test_echoue stdout ----
J'ai obtenu la valeur 8
thread 'main' panicked at 'assertion failed: `(left == right)`
  left: `5`,
 right: `10`', src/lib.rs:19:9
note: run with `RUST_BACKTRACE=1` environment variable to display a backtrace


failures:
    tests::ce_test_echoue

test result: FAILED. 1 passed; 1 failed; 0 ignored; 0 measured; 0 filtered out; finished in 0.00s

error: test failed, to rerun pass '--lib'
