$ cargo test
   Compiling guessing_game v0.1.0 (file:///projects/guessing_game)
    Finished test [unoptimized + debuginfo] target(s) in 0.62s
     Running target/debug/deps/guessing_game-57d70c3acb738f4d

running 1 test
test tests::plus_grand_que_100 ... FAILED

failures:

---- tests::plus_grand_que_100 stdout ----
note: test did not panic as expected

failures:
    tests::plus_grand_que_100

test result: FAILED. 0 passed; 1 failed; 0 ignored; 0 measured; 0 filtered out; finished in 0.00s

error: test failed, to rerun pass '--lib'
